Inicio do arquivo!
Nome: att48
Tipo: TSP
Comentário: 48 capitals of the US (Padberg/Rinaldi) 
Tipo do Vértice: ATT
Comentário do tipo de node: NODE_COORD_SECTION


Primeira população:

  0: x:   5199 y:   2182
  1: x:   5468 y:   2606
  2: x:   5989 y:   2873
  3: x:   6347 y:   2683
  4: x:   6426 y:   3173
  5: x:   6807 y:   2993
  6: x:   7509 y:   3239
  7: x:   7462 y:   3590
  8: x:   7573 y:   3716
  9: x:   7541 y:   3981
 10: x:   7248 y:   3779
 11: x:   7352 y:   4506
 12: x:   7608 y:   4458
 13: x:   7762 y:   4595
 14: x:   7732 y:   4723
 15: x:   7555 y:   4819
 16: x:   7280 y:   4899
 17: x:   7611 y:   5184
 18: x:   5900 y:   3561
 19: x:   5185 y:   3258
 20: x:   4483 y:   3369
 21: x:   4706 y:   2674
 22: x:   4307 y:   2322
 23: x:   4612 y:   2035
 24: x:   4608 y:   1198
 25: x:   5530 y:   1424
 26: x:   6101 y:   1110
 27: x:   6107 y:    669
 28: x:   6734 y:   1453
 29: x:   6898 y:   1885
 30: x:   7392 y:   2244
 31: x:   7545 y:   2801
 32: x:   6271 y:   2135
 33: x:   7265 y:   1268
 34: x:   4985 y:    140
 35: x:   3177 y:    756
 36: x:   3082 y:   1644
 37: x:   3023 y:   1942
 38: x:   3484 y:   2829
 39: x:   3245 y:   3305
 40: x:   1633 y:   2809
 41: x:   1112 y:   2049
 42: x:   1916 y:   1569
 43: x:    675 y:   1006
 44: x:    401 y:    841
 45: x:     23 y:   2216
 46: x:     10 y:   2676
 47: x:   2233 y:     10
Fitness: 0.239143
Distance: 41816.1


Geração:5000
  0: x:   5530 y:   1424
  1: x:   4608 y:   1198
  2: x:   4612 y:   2035
  3: x:   4307 y:   2322
  4: x:   4706 y:   2674
  5: x:   5199 y:   2182
  6: x:   5468 y:   2606
  7: x:   5989 y:   2873
  8: x:   6347 y:   2683
  9: x:   6426 y:   3173
 10: x:   6807 y:   2993
 11: x:   7509 y:   3239
 12: x:   7462 y:   3590
 13: x:   7573 y:   3716
 14: x:   7248 y:   3779
 15: x:   7541 y:   3981
 16: x:   7352 y:   4506
 17: x:   7608 y:   4458
 18: x:   7762 y:   4595
 19: x:   7732 y:   4723
 20: x:   7555 y:   4819
 21: x:   7611 y:   5184
 22: x:   7280 y:   4899
 23: x:   5900 y:   3561
 24: x:   5185 y:   3258
 25: x:   4483 y:   3369
 26: x:   3245 y:   3305
 27: x:   3484 y:   2829
 28: x:   3023 y:   1942
 29: x:   3082 y:   1644
 30: x:   3177 y:    756
 31: x:   2233 y:     10
 32: x:   1916 y:   1569
 33: x:   1633 y:   2809
 34: x:   1112 y:   2049
 35: x:     10 y:   2676
 36: x:     23 y:   2216
 37: x:    401 y:    841
 38: x:    675 y:   1006
 39: x:   4985 y:    140
 40: x:   6107 y:    669
 41: x:   6101 y:   1110
 42: x:   6734 y:   1453
 43: x:   7265 y:   1268
 44: x:   6898 y:   1885
 45: x:   7392 y:   2244
 46: x:   7545 y:   2801
 47: x:   6271 y:   2135
Fitness: 0.266449
Distance: 37530.7


Geração:10000
  0: x:   5530 y:   1424
  1: x:   4608 y:   1198
  2: x:   4612 y:   2035
  3: x:   4307 y:   2322
  4: x:   4706 y:   2674
  5: x:   5199 y:   2182
  6: x:   5468 y:   2606
  7: x:   5989 y:   2873
  8: x:   6347 y:   2683
  9: x:   6426 y:   3173
 10: x:   6807 y:   2993
 11: x:   7509 y:   3239
 12: x:   7462 y:   3590
 13: x:   7573 y:   3716
 14: x:   7248 y:   3779
 15: x:   7541 y:   3981
 16: x:   7352 y:   4506
 17: x:   7608 y:   4458
 18: x:   7762 y:   4595
 19: x:   7732 y:   4723
 20: x:   7555 y:   4819
 21: x:   7611 y:   5184
 22: x:   7280 y:   4899
 23: x:   5900 y:   3561
 24: x:   5185 y:   3258
 25: x:   4483 y:   3369
 26: x:   3245 y:   3305
 27: x:   3484 y:   2829
 28: x:   3023 y:   1942
 29: x:   3082 y:   1644
 30: x:   3177 y:    756
 31: x:   2233 y:     10
 32: x:   1916 y:   1569
 33: x:   1633 y:   2809
 34: x:   1112 y:   2049
 35: x:     10 y:   2676
 36: x:     23 y:   2216
 37: x:    401 y:    841
 38: x:    675 y:   1006
 39: x:   4985 y:    140
 40: x:   6107 y:    669
 41: x:   6101 y:   1110
 42: x:   6734 y:   1453
 43: x:   7265 y:   1268
 44: x:   6898 y:   1885
 45: x:   7392 y:   2244
 46: x:   7545 y:   2801
 47: x:   6271 y:   2135
Fitness: 0.266449
Distance: 37530.7


Geração:15000
  0: x:   5530 y:   1424
  1: x:   4608 y:   1198
  2: x:   4612 y:   2035
  3: x:   4307 y:   2322
  4: x:   4706 y:   2674
  5: x:   5199 y:   2182
  6: x:   5468 y:   2606
  7: x:   5989 y:   2873
  8: x:   6347 y:   2683
  9: x:   6426 y:   3173
 10: x:   6807 y:   2993
 11: x:   7509 y:   3239
 12: x:   7462 y:   3590
 13: x:   7573 y:   3716
 14: x:   7248 y:   3779
 15: x:   7541 y:   3981
 16: x:   7352 y:   4506
 17: x:   7608 y:   4458
 18: x:   7762 y:   4595
 19: x:   7732 y:   4723
 20: x:   7555 y:   4819
 21: x:   7611 y:   5184
 22: x:   7280 y:   4899
 23: x:   5900 y:   3561
 24: x:   5185 y:   3258
 25: x:   4483 y:   3369
 26: x:   3245 y:   3305
 27: x:   3484 y:   2829
 28: x:   3023 y:   1942
 29: x:   3082 y:   1644
 30: x:   3177 y:    756
 31: x:   2233 y:     10
 32: x:   1916 y:   1569
 33: x:   1633 y:   2809
 34: x:   1112 y:   2049
 35: x:     10 y:   2676
 36: x:     23 y:   2216
 37: x:    401 y:    841
 38: x:    675 y:   1006
 39: x:   4985 y:    140
 40: x:   6107 y:    669
 41: x:   6101 y:   1110
 42: x:   6734 y:   1453
 43: x:   7265 y:   1268
 44: x:   6898 y:   1885
 45: x:   7392 y:   2244
 46: x:   7545 y:   2801
 47: x:   6271 y:   2135
Fitness: 0.266449
Distance: 37530.7


Geração:20000
  0: x:   5530 y:   1424
  1: x:   4608 y:   1198
  2: x:   4612 y:   2035
  3: x:   4307 y:   2322
  4: x:   4706 y:   2674
  5: x:   5199 y:   2182
  6: x:   5468 y:   2606
  7: x:   5989 y:   2873
  8: x:   6347 y:   2683
  9: x:   6426 y:   3173
 10: x:   6807 y:   2993
 11: x:   7509 y:   3239
 12: x:   7462 y:   3590
 13: x:   7573 y:   3716
 14: x:   7248 y:   3779
 15: x:   7541 y:   3981
 16: x:   7352 y:   4506
 17: x:   7608 y:   4458
 18: x:   7762 y:   4595
 19: x:   7732 y:   4723
 20: x:   7555 y:   4819
 21: x:   7611 y:   5184
 22: x:   7280 y:   4899
 23: x:   5900 y:   3561
 24: x:   5185 y:   3258
 25: x:   4483 y:   3369
 26: x:   3245 y:   3305
 27: x:   3484 y:   2829
 28: x:   3023 y:   1942
 29: x:   3082 y:   1644
 30: x:   3177 y:    756
 31: x:   2233 y:     10
 32: x:   1916 y:   1569
 33: x:   1633 y:   2809
 34: x:   1112 y:   2049
 35: x:     10 y:   2676
 36: x:     23 y:   2216
 37: x:    401 y:    841
 38: x:    675 y:   1006
 39: x:   4985 y:    140
 40: x:   6107 y:    669
 41: x:   6101 y:   1110
 42: x:   6734 y:   1453
 43: x:   7265 y:   1268
 44: x:   6898 y:   1885
 45: x:   7392 y:   2244
 46: x:   7545 y:   2801
 47: x:   6271 y:   2135
Fitness: 0.266449
Distance: 37530.7


Geração:25000
  0: x:   5530 y:   1424
  1: x:   4608 y:   1198
  2: x:   4612 y:   2035
  3: x:   4307 y:   2322
  4: x:   4706 y:   2674
  5: x:   5199 y:   2182
  6: x:   5468 y:   2606
  7: x:   5989 y:   2873
  8: x:   6347 y:   2683
  9: x:   6426 y:   3173
 10: x:   6807 y:   2993
 11: x:   7509 y:   3239
 12: x:   7462 y:   3590
 13: x:   7573 y:   3716
 14: x:   7248 y:   3779
 15: x:   7541 y:   3981
 16: x:   7352 y:   4506
 17: x:   7608 y:   4458
 18: x:   7762 y:   4595
 19: x:   7732 y:   4723
 20: x:   7555 y:   4819
 21: x:   7611 y:   5184
 22: x:   7280 y:   4899
 23: x:   5900 y:   3561
 24: x:   5185 y:   3258
 25: x:   4483 y:   3369
 26: x:   3245 y:   3305
 27: x:   3484 y:   2829
 28: x:   3023 y:   1942
 29: x:   3082 y:   1644
 30: x:   3177 y:    756
 31: x:   2233 y:     10
 32: x:   1916 y:   1569
 33: x:   1633 y:   2809
 34: x:   1112 y:   2049
 35: x:     10 y:   2676
 36: x:     23 y:   2216
 37: x:    401 y:    841
 38: x:    675 y:   1006
 39: x:   4985 y:    140
 40: x:   6107 y:    669
 41: x:   6101 y:   1110
 42: x:   6734 y:   1453
 43: x:   7265 y:   1268
 44: x:   6898 y:   1885
 45: x:   7392 y:   2244
 46: x:   7545 y:   2801
 47: x:   6271 y:   2135
Fitness: 0.266449
Distance: 37530.7


Geração:30000
  0: x:   5530 y:   1424
  1: x:   4608 y:   1198
  2: x:   4612 y:   2035
  3: x:   4307 y:   2322
  4: x:   4706 y:   2674
  5: x:   5199 y:   2182
  6: x:   5468 y:   2606
  7: x:   5989 y:   2873
  8: x:   6347 y:   2683
  9: x:   6426 y:   3173
 10: x:   6807 y:   2993
 11: x:   7509 y:   3239
 12: x:   7462 y:   3590
 13: x:   7573 y:   3716
 14: x:   7248 y:   3779
 15: x:   7541 y:   3981
 16: x:   7352 y:   4506
 17: x:   7608 y:   4458
 18: x:   7762 y:   4595
 19: x:   7732 y:   4723
 20: x:   7555 y:   4819
 21: x:   7611 y:   5184
 22: x:   7280 y:   4899
 23: x:   5900 y:   3561
 24: x:   5185 y:   3258
 25: x:   4483 y:   3369
 26: x:   3245 y:   3305
 27: x:   3484 y:   2829
 28: x:   3023 y:   1942
 29: x:   3082 y:   1644
 30: x:   3177 y:    756
 31: x:   2233 y:     10
 32: x:   1916 y:   1569
 33: x:   1633 y:   2809
 34: x:   1112 y:   2049
 35: x:     10 y:   2676
 36: x:     23 y:   2216
 37: x:    401 y:    841
 38: x:    675 y:   1006
 39: x:   4985 y:    140
 40: x:   6107 y:    669
 41: x:   6101 y:   1110
 42: x:   6734 y:   1453
 43: x:   7265 y:   1268
 44: x:   6898 y:   1885
 45: x:   7392 y:   2244
 46: x:   7545 y:   2801
 47: x:   6271 y:   2135
Fitness: 0.266449
Distance: 37530.7


Geração:35000
  0: x:   5530 y:   1424
  1: x:   4608 y:   1198
  2: x:   4612 y:   2035
  3: x:   4307 y:   2322
  4: x:   4706 y:   2674
  5: x:   5199 y:   2182
  6: x:   5468 y:   2606
  7: x:   5989 y:   2873
  8: x:   6347 y:   2683
  9: x:   6426 y:   3173
 10: x:   6807 y:   2993
 11: x:   7509 y:   3239
 12: x:   7462 y:   3590
 13: x:   7573 y:   3716
 14: x:   7248 y:   3779
 15: x:   7541 y:   3981
 16: x:   7352 y:   4506
 17: x:   7608 y:   4458
 18: x:   7762 y:   4595
 19: x:   7732 y:   4723
 20: x:   7555 y:   4819
 21: x:   7611 y:   5184
 22: x:   7280 y:   4899
 23: x:   5900 y:   3561
 24: x:   5185 y:   3258
 25: x:   4483 y:   3369
 26: x:   3245 y:   3305
 27: x:   3484 y:   2829
 28: x:   3023 y:   1942
 29: x:   3082 y:   1644
 30: x:   3177 y:    756
 31: x:   2233 y:     10
 32: x:   1916 y:   1569
 33: x:   1633 y:   2809
 34: x:   1112 y:   2049
 35: x:     10 y:   2676
 36: x:     23 y:   2216
 37: x:    401 y:    841
 38: x:    675 y:   1006
 39: x:   4985 y:    140
 40: x:   6107 y:    669
 41: x:   6101 y:   1110
 42: x:   6734 y:   1453
 43: x:   7265 y:   1268
 44: x:   6898 y:   1885
 45: x:   7392 y:   2244
 46: x:   7545 y:   2801
 47: x:   6271 y:   2135
Fitness: 0.266449
Distance: 37530.7


Geração:40000
  0: x:   5530 y:   1424
  1: x:   4608 y:   1198
  2: x:   4612 y:   2035
  3: x:   4307 y:   2322
  4: x:   4706 y:   2674
  5: x:   5199 y:   2182
  6: x:   5468 y:   2606
  7: x:   5989 y:   2873
  8: x:   6347 y:   2683
  9: x:   6426 y:   3173
 10: x:   6807 y:   2993
 11: x:   7509 y:   3239
 12: x:   7462 y:   3590
 13: x:   7573 y:   3716
 14: x:   7248 y:   3779
 15: x:   7541 y:   3981
 16: x:   7352 y:   4506
 17: x:   7608 y:   4458
 18: x:   7762 y:   4595
 19: x:   7732 y:   4723
 20: x:   7555 y:   4819
 21: x:   7611 y:   5184
 22: x:   7280 y:   4899
 23: x:   5900 y:   3561
 24: x:   5185 y:   3258
 25: x:   4483 y:   3369
 26: x:   3245 y:   3305
 27: x:   3484 y:   2829
 28: x:   3023 y:   1942
 29: x:   3082 y:   1644
 30: x:   3177 y:    756
 31: x:   2233 y:     10
 32: x:   1916 y:   1569
 33: x:   1633 y:   2809
 34: x:   1112 y:   2049
 35: x:     10 y:   2676
 36: x:     23 y:   2216
 37: x:    401 y:    841
 38: x:    675 y:   1006
 39: x:   4985 y:    140
 40: x:   6107 y:    669
 41: x:   6101 y:   1110
 42: x:   6734 y:   1453
 43: x:   7265 y:   1268
 44: x:   6898 y:   1885
 45: x:   7392 y:   2244
 46: x:   7545 y:   2801
 47: x:   6271 y:   2135
Fitness: 0.266449
Distance: 37530.7


Geração:45000
  0: x:   5530 y:   1424
  1: x:   4608 y:   1198
  2: x:   4612 y:   2035
  3: x:   4307 y:   2322
  4: x:   4706 y:   2674
  5: x:   5199 y:   2182
  6: x:   5468 y:   2606
  7: x:   5989 y:   2873
  8: x:   6347 y:   2683
  9: x:   6426 y:   3173
 10: x:   6807 y:   2993
 11: x:   7509 y:   3239
 12: x:   7462 y:   3590
 13: x:   7573 y:   3716
 14: x:   7248 y:   3779
 15: x:   7541 y:   3981
 16: x:   7352 y:   4506
 17: x:   7608 y:   4458
 18: x:   7762 y:   4595
 19: x:   7732 y:   4723
 20: x:   7555 y:   4819
 21: x:   7611 y:   5184
 22: x:   7280 y:   4899
 23: x:   5900 y:   3561
 24: x:   5185 y:   3258
 25: x:   4483 y:   3369
 26: x:   3245 y:   3305
 27: x:   3484 y:   2829
 28: x:   3023 y:   1942
 29: x:   3082 y:   1644
 30: x:   3177 y:    756
 31: x:   2233 y:     10
 32: x:   1916 y:   1569
 33: x:   1633 y:   2809
 34: x:   1112 y:   2049
 35: x:     10 y:   2676
 36: x:     23 y:   2216
 37: x:    401 y:    841
 38: x:    675 y:   1006
 39: x:   4985 y:    140
 40: x:   6107 y:    669
 41: x:   6101 y:   1110
 42: x:   6734 y:   1453
 43: x:   7265 y:   1268
 44: x:   6898 y:   1885
 45: x:   7392 y:   2244
 46: x:   7545 y:   2801
 47: x:   6271 y:   2135
Fitness: 0.266449
Distance: 37530.7


Geração:50000
  0: x:   5530 y:   1424
  1: x:   4608 y:   1198
  2: x:   4612 y:   2035
  3: x:   4307 y:   2322
  4: x:   4706 y:   2674
  5: x:   5199 y:   2182
  6: x:   5468 y:   2606
  7: x:   5989 y:   2873
  8: x:   6347 y:   2683
  9: x:   6426 y:   3173
 10: x:   6807 y:   2993
 11: x:   7509 y:   3239
 12: x:   7462 y:   3590
 13: x:   7573 y:   3716
 14: x:   7248 y:   3779
 15: x:   7541 y:   3981
 16: x:   7352 y:   4506
 17: x:   7608 y:   4458
 18: x:   7762 y:   4595
 19: x:   7732 y:   4723
 20: x:   7555 y:   4819
 21: x:   7611 y:   5184
 22: x:   7280 y:   4899
 23: x:   5900 y:   3561
 24: x:   5185 y:   3258
 25: x:   4483 y:   3369
 26: x:   3245 y:   3305
 27: x:   3484 y:   2829
 28: x:   3023 y:   1942
 29: x:   3082 y:   1644
 30: x:   3177 y:    756
 31: x:   2233 y:     10
 32: x:   1916 y:   1569
 33: x:   1633 y:   2809
 34: x:   1112 y:   2049
 35: x:     10 y:   2676
 36: x:     23 y:   2216
 37: x:    401 y:    841
 38: x:    675 y:   1006
 39: x:   4985 y:    140
 40: x:   6107 y:    669
 41: x:   6101 y:   1110
 42: x:   6734 y:   1453
 43: x:   7265 y:   1268
 44: x:   6898 y:   1885
 45: x:   7392 y:   2244
 46: x:   7545 y:   2801
 47: x:   6271 y:   2135
Fitness: 0.266449
Distance: 37530.7


