Inicio do arquivo!
Nome: a280
Tipo: TSP
Comentário: drilling problem (Ludwig) 
Tipo do Vértice: EUC_2D
Comentário do tipo de node: NODE_COORD_SECTION


Primeira população:

  0: x:    164 y:    137
  1: x:    164 y:    145
  2: x:    172 y:    145
  3: x:    188 y:    145
  4: x:    196 y:    145
  5: x:    204 y:    145
  6: x:    212 y:    145
  7: x:    220 y:    145
  8: x:    228 y:    145
  9: x:    236 y:    145
 10: x:    246 y:    141
 11: x:    256 y:    141
 12: x:    260 y:    129
 13: x:    252 y:    125
 14: x:    260 y:    109
 15: x:    252 y:    101
 16: x:    260 y:     93
 17: x:    260 y:     85
 18: x:    260 y:     77
 19: x:    260 y:     69
 20: x:    260 y:     61
 21: x:    260 y:     53
 22: x:    260 y:     45
 23: x:    260 y:     37
 24: x:    260 y:     29
 25: x:    252 y:     21
 26: x:    236 y:     21
 27: x:    236 y:     29
 28: x:    236 y:     37
 29: x:    236 y:     45
 30: x:    236 y:     53
 31: x:    236 y:     61
 32: x:    236 y:     69
 33: x:    228 y:     69
 34: x:    228 y:     77
 35: x:    236 y:     77
 36: x:    236 y:     85
 37: x:    228 y:     85
 38: x:    228 y:     93
 39: x:    236 y:     93
 40: x:    236 y:    101
 41: x:    228 y:    101
 42: x:    228 y:    109
 43: x:    228 y:    117
 44: x:    228 y:    125
 45: x:    220 y:    125
 46: x:    212 y:    117
 47: x:    204 y:    109
 48: x:    196 y:    101
 49: x:    188 y:     93
 50: x:    180 y:     93
 51: x:    172 y:     93
 52: x:    172 y:    101
 53: x:    172 y:    109
 54: x:    172 y:    117
 55: x:    172 y:    125
 56: x:    180 y:    125
 57: x:    180 y:    117
 58: x:    180 y:    109
 59: x:    180 y:    101
 60: x:    180 y:     85
 61: x:    172 y:     85
 62: x:    172 y:     77
 63: x:    180 y:     77
 64: x:    180 y:     69
 65: x:    180 y:     61
 66: x:    180 y:     53
 67: x:    172 y:     53
 68: x:    172 y:     61
 69: x:    172 y:     69
 70: x:    164 y:     81
 71: x:    148 y:     85
 72: x:    132 y:     81
 73: x:    124 y:     85
 74: x:    124 y:     93
 75: x:    124 y:    101
 76: x:    124 y:    109
 77: x:    124 y:    117
 78: x:    124 y:    125
 79: x:    132 y:    137
 80: x:    132 y:    145
 81: x:    140 y:    145
 82: x:    148 y:    145
 83: x:    156 y:    145
 84: x:    156 y:    137
 85: x:    148 y:    137
 86: x:    140 y:    137
 87: x:    124 y:    145
 88: x:    116 y:    145
 89: x:    104 y:    145
 90: x:    104 y:    153
 91: x:    104 y:    161
 92: x:    104 y:    169
 93: x:    116 y:    161
 94: x:    124 y:    169
 95: x:    132 y:    169
 96: x:    140 y:    169
 97: x:    148 y:    169
 98: x:    156 y:    169
 99: x:    164 y:    169
100: x:    172 y:    169
101: x:    188 y:    169
102: x:    196 y:    169
103: x:    204 y:    169
104: x:    212 y:    169
105: x:    220 y:    169
106: x:    228 y:    169
107: x:    236 y:    169
108: x:    228 y:    161
109: x:    246 y:    157
110: x:    256 y:    157
111: x:    270 y:    133
112: x:    280 y:    133
113: x:    288 y:    129
114: x:    288 y:    149
115: x:    288 y:    109
116: x:    280 y:    109
117: x:    284 y:    101
118: x:    284 y:     93
119: x:    284 y:     85
120: x:    284 y:     77
121: x:    276 y:     77
122: x:    276 y:     69
123: x:    276 y:     61
124: x:    276 y:     53
125: x:    284 y:     53
126: x:    284 y:     61
127: x:    284 y:     69
128: x:    276 y:     85
129: x:    276 y:     93
130: x:    276 y:    101
131: x:    268 y:     97
132: x:    220 y:     73
133: x:    212 y:     65
134: x:    204 y:     57
135: x:    196 y:     49
136: x:    188 y:     41
137: x:    180 y:     45
138: x:    172 y:     45
139: x:    172 y:     37
140: x:    172 y:     29
141: x:    172 y:     21
142: x:    180 y:     21
143: x:    180 y:     29
144: x:    180 y:     37
145: x:    156 y:     25
146: x:    162 y:      9
147: x:    148 y:      9
148: x:    136 y:      9
149: x:    128 y:      9
150: x:    120 y:      9
151: x:    124 y:     21
152: x:    124 y:     29
153: x:    124 y:     37
154: x:    124 y:     45
155: x:    124 y:     53
156: x:    124 y:     61
157: x:    124 y:     69
158: x:    124 y:     77
159: x:    132 y:     61
160: x:    140 y:     65
161: x:    104 y:     65
162: x:    104 y:     73
163: x:    104 y:     81
164: x:    104 y:     89
165: x:    104 y:     97
166: x:    104 y:    105
167: x:    104 y:    113
168: x:    104 y:    121
169: x:    104 y:    129
170: x:    104 y:    137
171: x:     80 y:    157
172: x:     90 y:    165
173: x:     64 y:    165
174: x:     64 y:    157
175: x:     56 y:    161
176: x:     56 y:    169
177: x:     56 y:    153
178: x:     56 y:    145
179: x:     56 y:    137
180: x:     56 y:    129
181: x:     56 y:    121
182: x:     56 y:    113
183: x:     56 y:    105
184: x:     56 y:     97
185: x:     56 y:     89
186: x:     56 y:     81
187: x:     56 y:     73
188: x:     56 y:     65
189: x:     56 y:     57
190: x:     56 y:     49
191: x:     56 y:     41
192: x:     56 y:     33
193: x:     56 y:     25
194: x:     56 y:     17
195: x:     56 y:      9
196: x:     44 y:     11
197: x:     32 y:     17
198: x:     32 y:     25
199: x:     24 y:     25
200: x:     16 y:     25
201: x:     16 y:     17
202: x:     24 y:     17
203: x:     44 y:     27
204: x:     44 y:     35
205: x:     44 y:     43
206: x:     40 y:     51
207: x:     48 y:     51
208: x:     48 y:     63
209: x:     40 y:     63
210: x:     32 y:     65
211: x:     32 y:     57
212: x:     32 y:     49
213: x:     32 y:     41
214: x:     24 y:     45
215: x:     16 y:     57
216: x:      8 y:     57
217: x:      8 y:     65
218: x:      8 y:     73
219: x:      8 y:     81
220: x:      8 y:     89
221: x:      8 y:     97
222: x:     16 y:     97
223: x:     24 y:     89
224: x:     32 y:     89
225: x:     32 y:     97
226: x:     40 y:     99
227: x:     48 y:     99
228: x:     48 y:     83
229: x:     40 y:     83
230: x:     32 y:     81
231: x:     32 y:     73
232: x:     40 y:     73
233: x:     48 y:     73
234: x:     72 y:     49
235: x:     72 y:     41
236: x:     64 y:     41
237: x:     80 y:     41
238: x:     88 y:     49
239: x:    104 y:     49
240: x:    104 y:     41
241: x:    104 y:     33
242: x:    104 y:     25
243: x:    104 y:     17
244: x:     92 y:      9
245: x:     80 y:      9
246: x:     72 y:      9
247: x:     64 y:     21
248: x:     72 y:     25
249: x:     80 y:     25
250: x:    104 y:     57
251: x:     80 y:     25
252: x:    132 y:     21
253: x:    228 y:     21
254: x:    228 y:     29
255: x:    228 y:     37
256: x:    228 y:     45
257: x:    228 y:     53
258: x:    228 y:     61
259: x:    196 y:    161
260: x:     40 y:    161
261: x:     40 y:    153
262: x:     40 y:    145
263: x:     40 y:    137
264: x:     40 y:    129
265: x:     40 y:    121
266: x:     32 y:    121
267: x:     32 y:    129
268: x:     32 y:    137
269: x:     32 y:    145
270: x:     32 y:    153
271: x:     32 y:    161
272: x:     32 y:    169
273: x:     40 y:    169
274: x:     40 y:    113
275: x:     32 y:    113
276: x:     16 y:    109
277: x:      8 y:    109
278: x:      8 y:     49
279: x:      8 y:     41
Fitness: 2.85998
Distance: 3496.53


