Inicio do arquivo!
Nome: berlin52
Tipo: TSP
Comentário: 52 locations in Berlin (Groetschel) 
Tipo do Vértice: EUC_2D
Comentário do tipo de node: NODE_COORD_SECTION


Primeira população:

  0: x:   1220 y:    580
  1: x:   1250 y:    400
  2: x:   1320 y:    315
  3: x:   1215 y:    245
  4: x:   1170 y:     65
  5: x:   1465 y:    200
  6: x:   1530 y:      5
  7: x:   1740 y:    245
  8: x:   1605 y:    620
  9: x:   1340 y:    725
 10: x:    975 y:    580
 11: x:    945 y:    685
 12: x:    880 y:    660
 13: x:    845 y:    655
 14: x:    845 y:    680
 15: x:    835 y:    625
 16: x:    830 y:    610
 17: x:    795 y:    645
 18: x:    760 y:    650
 19: x:    770 y:    610
 20: x:    720 y:    635
 21: x:    685 y:    610
 22: x:    685 y:    595
 23: x:    700 y:    580
 24: x:    700 y:    500
 25: x:    830 y:    485
 26: x:    725 y:    370
 27: x:    595 y:    360
 28: x:    560 y:    365
 29: x:    480 y:    415
 30: x:    420 y:    555
 31: x:    415 y:    635
 32: x:    520 y:    585
 33: x:    565 y:    575
 34: x:    605 y:    625
 35: x:    575 y:    665
 36: x:    555 y:    815
 37: x:    510 y:    875
 38: x:    475 y:    960
 39: x:    525 y:   1000
 40: x:    650 y:   1130
 41: x:    580 y:   1175
 42: x:    875 y:    920
 43: x:   1150 y:   1160
 44: x:    345 y:    750
 45: x:    145 y:    665
 46: x:    300 y:    465
 47: x:    410 y:    250
 48: x:    660 y:    180
 49: x:     95 y:    260
 50: x:     25 y:    230
 51: x:     25 y:    185
Fitness: 1.05672
Distance: 9463.27


Geração:5000
  0: x:    520 y:    585
  1: x:    565 y:    575
  2: x:    575 y:    665
  3: x:    605 y:    625
  4: x:    685 y:    610
  5: x:    685 y:    595
  6: x:    700 y:    580
  7: x:    720 y:    635
  8: x:    760 y:    650
  9: x:    770 y:    610
 10: x:    795 y:    645
 11: x:    830 y:    610
 12: x:    835 y:    625
 13: x:    845 y:    655
 14: x:    845 y:    680
 15: x:    880 y:    660
 16: x:    945 y:    685
 17: x:    975 y:    580
 18: x:    830 y:    485
 19: x:    700 y:    500
 20: x:    725 y:    370
 21: x:    595 y:    360
 22: x:    560 y:    365
 23: x:    480 y:    415
 24: x:    420 y:    555
 25: x:    415 y:    635
 26: x:    345 y:    750
 27: x:    555 y:    815
 28: x:    510 y:    875
 29: x:    475 y:    960
 30: x:    525 y:   1000
 31: x:    580 y:   1175
 32: x:    650 y:   1130
 33: x:    875 y:    920
 34: x:   1150 y:   1160
 35: x:   1340 y:    725
 36: x:   1220 y:    580
 37: x:   1250 y:    400
 38: x:   1320 y:    315
 39: x:   1215 y:    245
 40: x:   1170 y:     65
 41: x:   1465 y:    200
 42: x:   1530 y:      5
 43: x:   1740 y:    245
 44: x:   1605 y:    620
 45: x:    660 y:    180
 46: x:    410 y:    250
 47: x:    300 y:    465
 48: x:    145 y:    665
 49: x:     25 y:    230
 50: x:     25 y:    185
 51: x:     95 y:    260
Fitness: 1.14549
Distance: 8729.91


Geração:10000
  0: x:    520 y:    585
  1: x:    565 y:    575
  2: x:    575 y:    665
  3: x:    605 y:    625
  4: x:    685 y:    610
  5: x:    685 y:    595
  6: x:    700 y:    580
  7: x:    720 y:    635
  8: x:    760 y:    650
  9: x:    770 y:    610
 10: x:    795 y:    645
 11: x:    830 y:    610
 12: x:    835 y:    625
 13: x:    845 y:    655
 14: x:    845 y:    680
 15: x:    880 y:    660
 16: x:    945 y:    685
 17: x:    975 y:    580
 18: x:    830 y:    485
 19: x:    700 y:    500
 20: x:    725 y:    370
 21: x:    595 y:    360
 22: x:    560 y:    365
 23: x:    480 y:    415
 24: x:    420 y:    555
 25: x:    415 y:    635
 26: x:    345 y:    750
 27: x:    555 y:    815
 28: x:    510 y:    875
 29: x:    475 y:    960
 30: x:    525 y:   1000
 31: x:    580 y:   1175
 32: x:    650 y:   1130
 33: x:    875 y:    920
 34: x:   1150 y:   1160
 35: x:   1340 y:    725
 36: x:   1220 y:    580
 37: x:   1250 y:    400
 38: x:   1320 y:    315
 39: x:   1215 y:    245
 40: x:   1170 y:     65
 41: x:   1465 y:    200
 42: x:   1530 y:      5
 43: x:   1740 y:    245
 44: x:   1605 y:    620
 45: x:    660 y:    180
 46: x:    410 y:    250
 47: x:    300 y:    465
 48: x:     95 y:    260
 49: x:     25 y:    185
 50: x:     25 y:    230
 51: x:    145 y:    665
Fitness: 1.16074
Distance: 8615.21


Geração:15000
  0: x:    520 y:    585
  1: x:    565 y:    575
  2: x:    575 y:    665
  3: x:    605 y:    625
  4: x:    685 y:    610
  5: x:    685 y:    595
  6: x:    700 y:    580
  7: x:    720 y:    635
  8: x:    760 y:    650
  9: x:    770 y:    610
 10: x:    795 y:    645
 11: x:    830 y:    610
 12: x:    835 y:    625
 13: x:    845 y:    655
 14: x:    845 y:    680
 15: x:    880 y:    660
 16: x:    945 y:    685
 17: x:    975 y:    580
 18: x:    830 y:    485
 19: x:    700 y:    500
 20: x:    725 y:    370
 21: x:    595 y:    360
 22: x:    560 y:    365
 23: x:    480 y:    415
 24: x:    420 y:    555
 25: x:    415 y:    635
 26: x:    345 y:    750
 27: x:    555 y:    815
 28: x:    510 y:    875
 29: x:    475 y:    960
 30: x:    525 y:   1000
 31: x:    580 y:   1175
 32: x:    650 y:   1130
 33: x:    875 y:    920
 34: x:   1150 y:   1160
 35: x:   1340 y:    725
 36: x:   1220 y:    580
 37: x:   1250 y:    400
 38: x:   1320 y:    315
 39: x:   1215 y:    245
 40: x:   1170 y:     65
 41: x:   1465 y:    200
 42: x:   1530 y:      5
 43: x:   1740 y:    245
 44: x:   1605 y:    620
 45: x:    660 y:    180
 46: x:    410 y:    250
 47: x:    300 y:    465
 48: x:     95 y:    260
 49: x:     25 y:    185
 50: x:     25 y:    230
 51: x:    145 y:    665
Fitness: 1.16074
Distance: 8615.21


